2025-02-17 11:17:31,168 - INFO - Удалены таблицы phones и users (если они существовали).
2025-02-17 11:17:31,225 - INFO - База данных и таблицы созданы (если их не было).
2025-02-17 11:17:31,232 - INFO - Добавлен новый пользователь: [(1, 'Ivan', 'Ivanov', 'ivan@example.com')]
2025-02-17 11:17:31,233 - INFO - Добавлен новый пользователь: [(2, 'Petr', 'Petrov', 'petr@example.com')]
2025-02-17 11:17:31,234 - INFO - Добавлен новый пользователь: [(3, 'Anna', 'Sidorova', 'anna@example.com')]
2025-02-17 11:17:31,239 - INFO - Добавлен новый телефон: [(1, '1234567890', 1)]
2025-02-17 11:17:31,240 - INFO - Добавлен новый телефон: [(2, '9876543210', 1)]
2025-02-17 11:17:31,241 - INFO - Добавлен новый телефон: [(3, '1112233445', 2)]
2025-02-17 11:18:01,975 - INFO - Удалены таблицы phones и users (если они существовали).
2025-02-17 11:18:01,994 - INFO - База данных и таблицы созданы (если их не было).
2025-02-17 11:18:01,998 - INFO - Добавлен новый пользователь: [(1, 'Ivan', 'Ivanov', 'ivan@example.com')]
2025-02-17 11:18:01,999 - INFO - Добавлен новый пользователь: [(2, 'Petr', 'Petrov', 'petr@example.com')]
2025-02-17 11:18:01,999 - INFO - Добавлен новый пользователь: [(3, 'Anna', 'Sidorova', 'anna@example.com')]
2025-02-17 11:18:02,002 - INFO - Добавлен новый телефон: [(1, '1234567890', 1)]
2025-02-17 11:18:02,003 - INFO - Добавлен новый телефон: [(2, '9876543210', 1)]
2025-02-17 11:18:02,004 - INFO - Добавлен новый телефон: [(3, '1112233445', 2)]
2025-02-17 11:19:16,789 - INFO - Удалены таблицы phones и users (если они существовали).
2025-02-17 11:19:16,828 - INFO - База данных и таблицы созданы (если их не было).
2025-02-17 11:19:16,831 - INFO - Добавлен новый пользователь: [(1, 'Ivan', 'Ivanov', 'ivan@example.com')]
2025-02-17 11:19:16,832 - INFO - Добавлен новый пользователь: [(2, 'Petr', 'Petrov', 'petr@example.com')]
2025-02-17 11:19:16,833 - INFO - Добавлен новый пользователь: [(3, 'Anna', 'Sidorova', 'anna@example.com')]
2025-02-17 11:19:16,836 - INFO - Добавлен новый телефон: [(1, '1234567890', 1)]
2025-02-17 11:19:16,837 - INFO - Добавлен новый телефон: [(2, '9876543210', 1)]
2025-02-17 11:19:16,837 - INFO - Добавлен новый телефон: [(3, '1112233445', 2)]
2025-02-17 11:20:17,725 - INFO - Удалены таблицы phones и users (если они существовали).
2025-02-17 11:20:17,742 - INFO - База данных и таблицы созданы (если их не было).
2025-02-17 11:20:17,745 - INFO - Добавлен новый пользователь: [(1, 'Ivan', 'Ivanov', 'ivan@example.com')]
2025-02-17 11:20:17,746 - INFO - Добавлен новый пользователь: [(2, 'Petr', 'Petrov', 'petr@example.com')]
2025-02-17 11:20:17,747 - INFO - Добавлен новый пользователь: [(3, 'Anna', 'Sidorova', 'anna@example.com')]
2025-02-17 11:20:17,749 - INFO - Добавлен новый телефон: [(1, '1234567890', 1)]
2025-02-17 11:20:17,750 - INFO - Добавлен новый телефон: [(2, '9876543210', 1)]
2025-02-17 11:20:17,750 - INFO - Добавлен новый телефон: [(3, '1112233445', 2)]
2025-02-17 11:20:17,753 - INFO - Телефон удален: []
2025-02-17 11:20:17,754 - INFO - Пользователь найден: [(1, 'Ivan', 'Ivanov', 'ivan@example.com')]
2025-02-17 11:20:17,756 - INFO - Пользователь найден: [(3, 'Anna', 'Sidorova', 'anna@example.com')]
2025-02-17 11:20:17,756 - INFO - Пользователь найден: [(1, 'Ivan', 'Ivanov', 'ivan@example.com')]
2025-02-17 11:20:17,757 - INFO - Пользователь найден: [(1, '1234567890', 1)]
2025-02-17 11:20:17,757 - INFO - Все пользователи: [(1, 'Ivan', 'Ivanov', 'ivan@example.com'), (2, 'Petr', 'Petrov', 'petr@example.com'), (3, 'Anna', 'Sidorova', 'anna@example.com')]
2025-02-17 11:20:17,759 - INFO - Пользователь удален: [(3, 'Anna', 'Sidorova', 'anna@example.com')]
2025-02-17 11:20:17,759 - INFO - Все пользователи: [(1, 'Ivan', 'Ivanov', 'ivan@example.com'), (2, 'Petr', 'Petrov', 'petr@example.com')]
2025-02-17 11:20:17,809 - INFO - Соединение с базой данных закрыто.
2025-02-17 11:20:52,413 - INFO - Удалены таблицы phones и users (если они существовали).
2025-02-17 11:20:52,436 - INFO - База данных и таблицы созданы (если их не было).
2025-02-17 11:20:52,439 - INFO - Добавлен новый пользователь: [(1, 'Ivan', 'Ivanov', 'ivan@example.com')]
2025-02-17 11:20:52,440 - INFO - Добавлен новый пользователь: [(2, 'Petr', 'Petrov', 'petr@example.com')]
2025-02-17 11:20:52,441 - INFO - Добавлен новый пользователь: [(3, 'Anna', 'Sidorova', 'anna@example.com')]
2025-02-17 11:20:52,444 - INFO - Добавлен новый телефон: [(1, '1234567890', 1)]
2025-02-17 11:20:52,445 - INFO - Добавлен новый телефон: [(2, '9876543210', 1)]
2025-02-17 11:20:52,446 - INFO - Добавлен новый телефон: [(3, '1112233445', 2)]
2025-02-17 11:20:52,447 - INFO - Телефон удален: []
2025-02-17 11:20:52,448 - INFO - Пользователь найден: [(1, 'Ivan', 'Ivanov', 'ivan@example.com')]
2025-02-17 11:20:52,450 - INFO - Пользователь найден: [(3, 'Anna', 'Sidorova', 'anna@example.com')]
2025-02-17 11:20:52,451 - INFO - Пользователь найден: [(1, 'Ivan', 'Ivanov', 'ivan@example.com')]
2025-02-17 11:20:52,451 - INFO - Пользователь найден: [(1, '1234567890', 1)]
2025-02-17 11:20:52,452 - INFO - Все пользователи: [(1, 'Ivan', 'Ivanov', 'ivan@example.com'), (2, 'Petr', 'Petrov', 'petr@example.com'), (3, 'Anna', 'Sidorova', 'anna@example.com')]
2025-02-17 11:20:52,453 - INFO - Пользователь удален: [(3, 'Anna', 'Sidorova', 'anna@example.com')]
2025-02-17 11:20:52,454 - INFO - Все пользователи: [(1, 'Ivan', 'Ivanov', 'ivan@example.com'), (2, 'Petr', 'Petrov', 'petr@example.com')]
2025-02-17 11:20:52,466 - INFO - Соединение с базой данных закрыто.
2025-02-17 11:23:03,739 - INFO - Удалены таблицы phones и users (если они существовали).
2025-02-17 11:23:03,781 - INFO - База данных и таблицы созданы (если их не было).
2025-02-17 11:23:03,784 - INFO - Добавлен новый пользователь: [(1, 'Ivan', 'Ivanov', 'ivan@example.com')]
2025-02-17 11:23:03,786 - INFO - Добавлен новый пользователь: [(2, 'Petr', 'Petrov', 'petr@example.com')]
2025-02-17 11:23:03,787 - INFO - Добавлен новый пользователь: [(3, 'Anna', 'Sidorova', 'anna@example.com')]
2025-02-17 11:23:03,790 - INFO - Добавлен новый телефон: [(1, '1234567890', 1)]
2025-02-17 11:23:03,790 - INFO - Добавлен новый телефон: [(2, '9876543210', 1)]
2025-02-17 11:23:03,791 - INFO - Добавлен новый телефон: [(3, '1112233445', 2)]
2025-02-17 11:23:03,794 - INFO - Телефон удален: []
2025-02-17 11:23:03,795 - INFO - Пользователь найден: [(1, 'Ivan_1', 'Ivanov_1', 'new_ivan@example.com')]
2025-02-17 11:23:03,796 - INFO - Пользователь найден: [(3, 'Anna', 'Sidorova', 'anna@example.com')]
2025-02-17 11:23:03,797 - WARNING - Пользователь с email ivan@example.com не найден.
2025-02-17 11:23:03,798 - INFO - Пользователь найден: [(1, '1234567890', 1)]
2025-02-17 11:23:03,798 - INFO - Все пользователи: [(3, 'Anna', 'Sidorova', 'anna@example.com'), (1, 'Ivan_1', 'Ivanov_1', 'new_ivan@example.com'), (2, 'Petr_1', 'Petrov_2', 'new_petr@example.com')]
2025-02-17 11:23:03,799 - INFO - Пользователь удален: [(3, 'Anna', 'Sidorova', 'anna@example.com')]
2025-02-17 11:23:03,800 - INFO - Все пользователи: [(1, 'Ivan_1', 'Ivanov_1', 'new_ivan@example.com'), (2, 'Petr_1', 'Petrov_2', 'new_petr@example.com')]
2025-02-17 11:23:03,810 - INFO - Соединение с базой данных закрыто.
2025-02-17 11:23:45,054 - INFO - Удалены таблицы phones и users (если они существовали).
2025-02-17 11:23:45,073 - INFO - База данных и таблицы созданы (если их не было).
2025-02-17 11:23:45,075 - INFO - Добавлен новый пользователь: [(1, 'Ivan', 'Ivanov', 'ivan@example.com')]
2025-02-17 11:23:45,076 - INFO - Добавлен новый пользователь: [(2, 'Petr', 'Petrov', 'petr@example.com')]
2025-02-17 11:23:45,077 - INFO - Добавлен новый пользователь: [(3, 'Anna', 'Sidorova', 'anna@example.com')]
2025-02-17 11:23:45,078 - INFO - Добавлен новый телефон: [(1, '1234567890', 1)]
2025-02-17 11:23:45,079 - INFO - Добавлен новый телефон: [(2, '9876543210', 1)]
2025-02-17 11:23:45,079 - INFO - Добавлен новый телефон: [(3, '1112233445', 2)]
2025-02-17 11:23:45,081 - INFO - Пользователь обновлен: [(1, 'Ivan_1', 'Ivanov', 'ivan@example.com')]
2025-02-17 11:23:45,082 - INFO - Пользователь обновлен: [(1, 'Ivan_1', 'Ivanov_1', 'ivan@example.com')]
2025-02-17 11:23:45,083 - INFO - Пользователь обновлен: [(1, 'Ivan_1', 'Ivanov_1', 'new_ivan@example.com')]
2025-02-17 11:23:45,084 - INFO - Пользователь обновлен: [(2, 'Petr_1', 'Petrov_2', 'new_petr@example.com')]
2025-02-17 11:23:45,084 - INFO - Телефон удален: []
2025-02-17 11:23:45,085 - INFO - Пользователь найден: [(1, 'Ivan_1', 'Ivanov_1', 'new_ivan@example.com')]
2025-02-17 11:23:45,087 - INFO - Пользователь найден: [(3, 'Anna', 'Sidorova', 'anna@example.com')]
2025-02-17 11:23:45,087 - WARNING - Пользователь с email ivan@example.com не найден.
2025-02-17 11:23:45,088 - INFO - Пользователь найден: [(1, '1234567890', 1)]
2025-02-17 11:23:45,089 - INFO - Все пользователи: [(3, 'Anna', 'Sidorova', 'anna@example.com'), (1, 'Ivan_1', 'Ivanov_1', 'new_ivan@example.com'), (2, 'Petr_1', 'Petrov_2', 'new_petr@example.com')]
2025-02-17 11:23:45,089 - INFO - Пользователь удален: [(3, 'Anna', 'Sidorova', 'anna@example.com')]
2025-02-17 11:23:45,090 - INFO - Все пользователи: [(1, 'Ivan_1', 'Ivanov_1', 'new_ivan@example.com'), (2, 'Petr_1', 'Petrov_2', 'new_petr@example.com')]
2025-02-17 11:23:45,103 - INFO - Соединение с базой данных закрыто.
2025-02-17 11:25:03,725 - INFO - Удалены таблицы phones и users (если они существовали).
2025-02-17 11:25:03,739 - INFO - База данных и таблицы созданы (если их не было).
2025-02-17 11:25:03,741 - INFO - Добавлен новый пользователь: [(1, 'Ivan', 'Ivanov', 'ivan@example.com')]
2025-02-17 11:25:03,742 - INFO - Добавлен новый пользователь: [(2, 'Petr', 'Petrov', 'petr@example.com')]
2025-02-17 11:25:03,743 - INFO - Добавлен новый пользователь: [(3, 'Anna', 'Sidorova', 'anna@example.com')]
2025-02-17 11:25:03,745 - INFO - Добавлен новый телефон: [(1, '1234567890', 1)]
2025-02-17 11:25:03,746 - INFO - Добавлен новый телефон: [(2, '9876543210', 1)]
2025-02-17 11:25:03,746 - INFO - Добавлен новый телефон: [(3, '1112233445', 2)]
2025-02-17 11:25:03,748 - INFO - Пользователь обновлен: [(1, 'Ivan_1', 'Ivanov', 'ivan@example.com')]
2025-02-17 11:25:03,749 - INFO - Пользователь обновлен: [(1, 'Ivan_1', 'Ivanov_1', 'ivan@example.com')]
2025-02-17 11:25:03,750 - INFO - Пользователь обновлен: [(1, 'Ivan_1', 'Ivanov_1', 'new_ivan@example.com')]
2025-02-17 11:25:03,750 - INFO - Пользователь обновлен: [(2, 'Petr_1', 'Petrov_2', 'new_petr@example.com')]
2025-02-17 11:25:03,751 - INFO - Телефон удален: []
2025-02-17 11:25:03,752 - INFO - Пользователь найден: [(1, 'Ivan_1', 'Ivanov_1', 'new_ivan@example.com')]
2025-02-17 11:25:03,753 - INFO - Пользователь найден: [(3, 'Anna', 'Sidorova', 'anna@example.com')]
2025-02-17 11:25:03,753 - WARNING - Пользователь с email ivan@example.com не найден.
2025-02-17 11:25:03,754 - INFO - Пользователь найден: [(1, '1234567890', 1)]
2025-02-17 11:25:03,755 - INFO - Все пользователи: [(3, 'Anna', 'Sidorova', 'anna@example.com'), (1, 'Ivan_1', 'Ivanov_1', 'new_ivan@example.com'), (2, 'Petr_1', 'Petrov_2', 'new_petr@example.com')]
2025-02-17 11:25:03,756 - INFO - Пользователь удален: [(3, 'Anna', 'Sidorova', 'anna@example.com')]
2025-02-17 11:25:03,756 - INFO - Все пользователи: [(1, 'Ivan_1', 'Ivanov_1', 'new_ivan@example.com'), (2, 'Petr_1', 'Petrov_2', 'new_petr@example.com')]
2025-02-17 11:25:03,757 - INFO - Соединение с базой данных закрыто.
2025-02-17 11:25:42,403 - INFO - Удалены таблицы phones и users (если они существовали).
2025-02-17 11:25:42,421 - INFO - База данных и таблицы созданы (если их не было).
2025-02-17 11:25:42,424 - INFO - Добавлен новый пользователь: [(1, 'Ivan', 'Ivanov', 'ivan@example.com')]
2025-02-17 11:25:42,424 - INFO - Добавлен новый пользователь: [(2, 'Petr', 'Petrov', 'petr@example.com')]
2025-02-17 11:25:42,425 - INFO - Добавлен новый пользователь: [(3, 'Anna', 'Sidorova', 'anna@example.com')]
2025-02-17 11:25:42,428 - INFO - Добавлен новый телефон: [(1, '1234567890', 1)]
2025-02-17 11:25:42,429 - INFO - Добавлен новый телефон: [(2, '9876543210', 1)]
2025-02-17 11:25:42,429 - INFO - Добавлен новый телефон: [(3, '1112233445', 2)]
2025-02-17 11:25:42,431 - INFO - Пользователь обновлен: [(1, 'Ivan_1', 'Ivanov', 'ivan@example.com')]
2025-02-17 11:25:42,432 - INFO - Пользователь обновлен: [(1, 'Ivan_1', 'Ivanov_1', 'ivan@example.com')]
2025-02-17 11:25:42,433 - INFO - Пользователь обновлен: [(1, 'Ivan_1', 'Ivanov_1', 'new_ivan@example.com')]
2025-02-17 11:25:42,434 - INFO - Пользователь обновлен: [(2, 'Petr_1', 'Petrov_2', 'new_petr@example.com')]
2025-02-17 11:25:42,435 - INFO - Телефон удален: []
2025-02-17 11:25:42,435 - INFO - Пользователь найден: [(1, 'Ivan_1', 'Ivanov_1', 'new_ivan@example.com')]
2025-02-17 11:25:42,437 - INFO - Пользователь найден: [(3, 'Anna', 'Sidorova', 'anna@example.com')]
2025-02-17 11:25:42,437 - WARNING - Пользователь с email ivan@example.com не найден.
2025-02-17 11:25:42,438 - INFO - Пользователь найден: [(1, '1234567890', 1)]
2025-02-17 11:25:42,438 - INFO - Все пользователи: [(3, 'Anna', 'Sidorova', 'anna@example.com'), (1, 'Ivan_1', 'Ivanov_1', 'new_ivan@example.com'), (2, 'Petr_1', 'Petrov_2', 'new_petr@example.com')]
2025-02-17 11:25:42,440 - INFO - Пользователь удален: [(3, 'Anna', 'Sidorova', 'anna@example.com')]
2025-02-17 11:25:42,441 - INFO - Все пользователи: [(1, 'Ivan_1', 'Ivanov_1', 'new_ivan@example.com'), (2, 'Petr_1', 'Petrov_2', 'new_petr@example.com')]
2025-02-17 11:25:42,442 - INFO - Соединение с базой данных закрыто.
2025-02-17 11:26:07,578 - INFO - Удалены таблицы phones и users (если они существовали).
2025-02-17 11:26:07,579 - INFO - Соединение с базой данных закрыто.
2025-02-17 11:30:31,795 - INFO - Удалены таблицы phones и users (если они существовали).
2025-02-17 11:30:31,823 - INFO - База данных и таблицы созданы (если их не было).
2025-02-17 11:30:31,824 - INFO - Добавлен новый пользователь: [(1, 'Ivan', 'Ivanov', 'ivan@example.com')]
2025-02-17 11:30:31,825 - INFO - Добавлен новый пользователь: [(2, 'Petr', 'Petrov', 'petr@example.com')]
2025-02-17 11:30:31,826 - INFO - Добавлен новый пользователь: [(3, 'Anna', 'Sidorova', 'anna@example.com')]
2025-02-17 11:30:31,827 - INFO - Добавлен новый телефон: [(1, '1234567890', 1)]
2025-02-17 11:30:31,828 - INFO - Добавлен новый телефон: [(2, '9876543210', 1)]
2025-02-17 11:30:31,829 - INFO - Добавлен новый телефон: [(3, '1112233445', 2)]
2025-02-17 11:30:31,830 - INFO - Пользователь обновлен: [(1, 'Ivan_1', 'Ivanov', 'ivan@example.com')]
2025-02-17 11:30:31,831 - INFO - Пользователь обновлен: [(1, 'Ivan_1', 'Ivanov_1', 'ivan@example.com')]
2025-02-17 11:30:31,831 - INFO - Пользователь обновлен: [(1, 'Ivan_1', 'Ivanov_1', 'new_ivan@example.com')]
2025-02-17 11:30:31,832 - INFO - Пользователь обновлен: [(2, 'Petr_1', 'Petrov_2', 'new_petr@example.com')]
2025-02-17 11:30:31,833 - INFO - Телефон удален: []
2025-02-17 11:30:31,833 - INFO - Пользователь найден: [(1, 'Ivan_1', 'Ivanov_1', 'new_ivan@example.com')]
2025-02-17 11:30:31,834 - INFO - Пользователь найден: [(3, 'Anna', 'Sidorova', 'anna@example.com')]
2025-02-17 11:30:31,835 - WARNING - Пользователь с email ivan@example.com не найден.
2025-02-17 11:30:31,836 - INFO - Пользователь найден: [(1, '1234567890', 1)]
2025-02-17 11:30:31,836 - INFO - Все пользователи: [(3, 'Anna', 'Sidorova', 'anna@example.com'), (1, 'Ivan_1', 'Ivanov_1', 'new_ivan@example.com'), (2, 'Petr_1', 'Petrov_2', 'new_petr@example.com')]
2025-02-17 11:30:31,837 - INFO - Пользователь удален: [(3, 'Anna', 'Sidorova', 'anna@example.com')]
2025-02-17 11:30:31,837 - INFO - Все пользователи: [(1, 'Ivan_1', 'Ivanov_1', 'new_ivan@example.com'), (2, 'Petr_1', 'Petrov_2', 'new_petr@example.com')]
2025-02-17 11:30:31,849 - INFO - Соединение с базой данных закрыто.
2025-02-17 11:31:17,426 - INFO - Удалены таблицы phones и users (если они существовали).
2025-02-17 11:31:17,514 - INFO - База данных и таблицы созданы (если их не было).
2025-02-17 11:31:17,516 - INFO - Добавлен новый пользователь: [(1, 'Ivan', 'Ivanov', 'ivan@example.com')]
2025-02-17 11:31:17,516 - INFO - Добавлен новый пользователь: [(2, 'Petr', 'Petrov', 'petr@example.com')]
2025-02-17 11:31:17,517 - INFO - Добавлен новый пользователь: [(3, 'Anna', 'Sidorova', 'anna@example.com')]
2025-02-17 11:31:17,519 - INFO - Добавлен новый телефон: [(1, '1234567890', 1)]
2025-02-17 11:31:17,520 - INFO - Добавлен новый телефон: [(2, '9876543210', 1)]
2025-02-17 11:31:17,521 - INFO - Добавлен новый телефон: [(3, '1112233445', 2)]
2025-02-17 11:31:17,522 - INFO - Пользователь обновлен: [(1, 'Ivan_1', 'Ivanov', 'ivan@example.com')]
2025-02-17 11:31:17,523 - INFO - Пользователь обновлен: [(1, 'Ivan_1', 'Ivanov_1', 'ivan@example.com')]
2025-02-17 11:31:17,524 - INFO - Пользователь обновлен: [(1, 'Ivan_1', 'Ivanov_1', 'new_ivan@example.com')]
2025-02-17 11:31:17,524 - INFO - Пользователь обновлен: [(2, 'Petr_1', 'Petrov_2', 'new_petr@example.com')]
2025-02-17 11:31:17,525 - INFO - Телефон удален: []
2025-02-17 11:31:17,526 - INFO - Пользователь найден: [(1, 'Ivan_1', 'Ivanov_1', 'new_ivan@example.com')]
2025-02-17 11:31:17,527 - INFO - Пользователь найден: [(3, 'Anna', 'Sidorova', 'anna@example.com')]
2025-02-17 11:31:17,527 - WARNING - Пользователь с email ivan@example.com не найден.
2025-02-17 11:31:17,529 - INFO - Пользователь найден: [(1, '1234567890', 1)]
2025-02-17 11:31:17,529 - INFO - Все пользователи: [(3, 'Anna', 'Sidorova', 'anna@example.com'), (1, 'Ivan_1', 'Ivanov_1', 'new_ivan@example.com'), (2, 'Petr_1', 'Petrov_2', 'new_petr@example.com')]
2025-02-17 11:31:17,530 - INFO - Пользователь удален: [(3, 'Anna', 'Sidorova', 'anna@example.com')]
2025-02-17 11:31:17,530 - INFO - Все пользователи: [(1, 'Ivan_1', 'Ivanov_1', 'new_ivan@example.com'), (2, 'Petr_1', 'Petrov_2', 'new_petr@example.com')]
2025-02-17 11:31:17,571 - INFO - Соединение с базой данных закрыто.
2025-02-17 11:31:38,550 - INFO - Удалены таблицы phones и users (если они существовали).
2025-02-17 11:31:38,569 - INFO - Соединение с базой данных закрыто.
2025-02-17 11:32:24,937 - INFO - Удалены таблицы phones и users (если они существовали).
2025-02-17 11:32:24,952 - INFO - База данных и таблицы созданы (если их не было).
2025-02-17 11:32:24,955 - INFO - Добавлен новый пользователь: [(1, 'Ivan', 'Ivanov', 'ivan@example.com')]
2025-02-17 11:32:24,956 - INFO - Добавлен новый пользователь: [(2, 'Petr', 'Petrov', 'petr@example.com')]
2025-02-17 11:32:24,957 - INFO - Добавлен новый пользователь: [(3, 'Anna', 'Sidorova', 'anna@example.com')]
2025-02-17 11:32:24,958 - INFO - Добавлен новый телефон: [(1, '1234567890', 1)]
2025-02-17 11:32:24,959 - INFO - Добавлен новый телефон: [(2, '9876543210', 1)]
2025-02-17 11:32:24,960 - INFO - Добавлен новый телефон: [(3, '1112233445', 2)]
2025-02-17 11:32:24,961 - INFO - Пользователь обновлен: [(1, 'Ivan_1', 'Ivanov', 'ivan@example.com')]
2025-02-17 11:32:24,962 - INFO - Пользователь обновлен: [(1, 'Ivan_1', 'Ivanov_1', 'ivan@example.com')]
2025-02-17 11:32:24,963 - INFO - Пользователь обновлен: [(1, 'Ivan_1', 'Ivanov_1', 'new_ivan@example.com')]
2025-02-17 11:32:24,963 - INFO - Пользователь обновлен: [(2, 'Petr_1', 'Petrov_2', 'new_petr@example.com')]
2025-02-17 11:32:24,964 - INFO - Телефон удален: []
2025-02-17 11:32:24,965 - INFO - Пользователь найден: [(1, 'Ivan_1', 'Ivanov_1', 'new_ivan@example.com')]
2025-02-17 11:32:24,966 - INFO - Пользователь найден: [(3, 'Anna', 'Sidorova', 'anna@example.com')]
2025-02-17 11:32:24,966 - WARNING - Пользователь с email ivan@example.com не найден.
2025-02-17 11:32:24,967 - INFO - Пользователь найден: [(1, '1234567890', 1)]
2025-02-17 11:32:24,968 - INFO - Все пользователи: [(3, 'Anna', 'Sidorova', 'anna@example.com'), (1, 'Ivan_1', 'Ivanov_1', 'new_ivan@example.com'), (2, 'Petr_1', 'Petrov_2', 'new_petr@example.com')]
2025-02-17 11:32:24,969 - INFO - Пользователь удален: [(3, 'Anna', 'Sidorova', 'anna@example.com')]
2025-02-17 11:32:24,970 - INFO - Все пользователи: [(1, 'Ivan_1', 'Ivanov_1', 'new_ivan@example.com'), (2, 'Petr_1', 'Petrov_2', 'new_petr@example.com')]
2025-02-17 11:32:24,976 - INFO - Соединение с базой данных закрыто.
2025-02-17 11:53:05,367 - INFO - Удалены таблицы phones и users (если они существовали).
2025-02-17 11:53:05,398 - INFO - База данных и таблицы созданы (если их не было).
2025-02-17 11:53:05,403 - INFO - Добавлен новый пользователь: [(1, 'Ivan', 'Ivanov', 'ivan@example.com')]
2025-02-17 11:53:05,404 - INFO - Добавлен новый пользователь: [(2, 'Petr', 'Petrov', 'petr@example.com')]
2025-02-17 11:53:05,405 - INFO - Добавлен новый пользователь: [(3, 'Anna', 'Sidorova', 'anna@example.com')]
2025-02-17 11:53:05,408 - INFO - Добавлен новый телефон: [(1, '1234567890', 1)]
2025-02-17 11:53:05,409 - INFO - Добавлен новый телефон: [(2, '9876543210', 1)]
2025-02-17 11:53:05,410 - INFO - Добавлен новый телефон: [(3, '1112233445', 2)]
2025-02-17 11:53:05,412 - INFO - Все пользователи: [(1, 'Ivan', 'Ivanov', 'ivan@example.com'), (2, 'Petr', 'Petrov', 'petr@example.com'), (3, 'Anna', 'Sidorova', 'anna@example.com')]
2025-02-17 11:53:05,414 - INFO - Пользователь удален: [(3, 'Anna', 'Sidorova', 'anna@example.com')]
2025-02-17 11:53:05,414 - INFO - Все пользователи: [(1, 'Ivan', 'Ivanov', 'ivan@example.com'), (2, 'Petr', 'Petrov', 'petr@example.com')]
2025-02-17 11:53:05,425 - INFO - Соединение с базой данных закрыто.
2025-02-17 11:53:41,550 - INFO - Удалены таблицы phones и users (если они существовали).
2025-02-17 11:53:41,566 - INFO - База данных и таблицы созданы (если их не было).
2025-02-17 11:53:41,568 - INFO - Добавлен новый пользователь: [(1, 'Ivan', 'Ivanov', 'ivan@example.com')]
2025-02-17 11:53:41,569 - INFO - Добавлен новый пользователь: [(2, 'Petr', 'Petrov', 'petr@example.com')]
2025-02-17 11:53:41,569 - INFO - Добавлен новый пользователь: [(3, 'Anna', 'Sidorova', 'anna@example.com')]
2025-02-17 11:53:41,571 - INFO - Добавлен новый телефон: [(1, '1234567890', 1)]
2025-02-17 11:53:41,572 - INFO - Добавлен новый телефон: [(2, '9876543210', 1)]
2025-02-17 11:53:41,573 - INFO - Добавлен новый телефон: [(3, '1112233445', 2)]
2025-02-17 11:53:41,574 - INFO - Все пользователи: [(1, 'Ivan', 'Ivanov', 'ivan@example.com'), (2, 'Petr', 'Petrov', 'petr@example.com'), (3, 'Anna', 'Sidorova', 'anna@example.com')]
2025-02-17 11:53:41,575 - INFO - Пользователь удален: [(3, 'Anna', 'Sidorova', 'anna@example.com')]
2025-02-17 11:53:41,576 - INFO - Все пользователи: [(1, 'Ivan', 'Ivanov', 'ivan@example.com'), (2, 'Petr', 'Petrov', 'petr@example.com')]
2025-02-17 11:53:41,586 - INFO - Соединение с базой данных закрыто.
2025-02-17 11:59:26,317 - INFO - Удалены таблицы phones и users (если они существовали).
2025-02-17 11:59:26,403 - INFO - База данных и таблицы созданы (если их не было).
2025-02-17 11:59:26,406 - INFO - Добавлен новый пользователь: [(1, 'Ivan', 'Ivanov', 'ivan@example.com')]
2025-02-17 11:59:26,409 - INFO - Добавлен новый пользователь: [(2, 'Petr', 'Petrov', 'petr@example.com')]
2025-02-17 11:59:26,409 - INFO - Добавлен новый пользователь: [(3, 'Anna', 'Sidorova', 'anna@example.com')]
2025-02-17 11:59:26,413 - INFO - Добавлен новый телефон: [(1, '1234567890', 1)]
2025-02-17 11:59:26,415 - INFO - Добавлен новый телефон: [(2, '9876543210', 1)]
2025-02-17 11:59:26,416 - INFO - Добавлен новый телефон: [(3, '1112233445', 2)]
2025-02-17 11:59:42,633 - INFO - Удалены таблицы phones и users (если они существовали).
2025-02-17 11:59:42,652 - INFO - База данных и таблицы созданы (если их не было).
2025-02-17 11:59:42,654 - INFO - Добавлен новый пользователь: [(1, 'Ivan', 'Ivanov', 'ivan@example.com')]
2025-02-17 11:59:42,655 - INFO - Добавлен новый пользователь: [(2, 'Petr', 'Petrov', 'petr@example.com')]
2025-02-17 11:59:42,656 - INFO - Добавлен новый пользователь: [(3, 'Anna', 'Sidorova', 'anna@example.com')]
2025-02-17 11:59:42,658 - INFO - Добавлен новый телефон: [(1, '1234567890', 1)]
2025-02-17 11:59:42,658 - INFO - Добавлен новый телефон: [(2, '9876543210', 1)]
2025-02-17 11:59:42,659 - INFO - Добавлен новый телефон: [(3, '1112233445', 2)]
2025-02-17 11:59:42,661 - INFO - Все пользователи: [(1, 'Ivan', 'Ivanov', 'ivan@example.com'), (2, 'Petr', 'Petrov', 'petr@example.com'), (3, 'Anna', 'Sidorova', 'anna@example.com')]
2025-02-17 11:59:42,663 - INFO - Пользователь удален: [(3, 'Anna', 'Sidorova', 'anna@example.com')]
2025-02-17 11:59:42,663 - INFO - Все пользователи: [(1, 'Ivan', 'Ivanov', 'ivan@example.com'), (2, 'Petr', 'Petrov', 'petr@example.com')]
2025-02-17 11:59:42,674 - INFO - Соединение с базой данных закрыто.
2025-02-17 12:07:17,445 - INFO - Удалены таблицы phones и users (если они существовали).
2025-02-17 12:07:17,461 - INFO - База данных и таблицы созданы (если их не было).
2025-02-17 12:07:17,462 - INFO - Добавлен новый пользователь: [(1, 'Ivan', 'Ivanov', 'ivan@example.com')]
2025-02-17 12:07:17,464 - INFO - Добавлен новый пользователь: [(2, 'Petr', 'Petrov', 'petr@example.com')]
2025-02-17 12:07:17,465 - INFO - Добавлен новый пользователь: [(3, 'Anna', 'Sidorova', 'anna@example.com')]
2025-02-17 12:07:17,466 - INFO - Добавлен новый телефон: [(1, '1234567890', 1)]
2025-02-17 12:07:17,467 - INFO - Добавлен новый телефон: [(2, '9876543210', 1)]
2025-02-17 12:07:17,468 - INFO - Добавлен новый телефон: [(3, '1112233445', 2)]
2025-02-17 12:07:43,227 - INFO - Удалены таблицы phones и users (если они существовали).
2025-02-17 12:07:43,242 - INFO - База данных и таблицы созданы (если их не было).
2025-02-17 12:07:43,245 - INFO - Добавлен новый пользователь: [(1, 'Ivan', 'Ivanov', 'ivan@example.com')]
2025-02-17 12:07:43,245 - INFO - Добавлен новый пользователь: [(2, 'Petr', 'Petrov', 'petr@example.com')]
2025-02-17 12:07:43,246 - INFO - Добавлен новый пользователь: [(3, 'Anna', 'Sidorova', 'anna@example.com')]
2025-02-17 12:07:43,248 - INFO - Добавлен новый телефон: [(1, '1234567890', 1)]
2025-02-17 12:07:43,249 - INFO - Добавлен новый телефон: [(2, '9876543210', 1)]
2025-02-17 12:07:43,250 - INFO - Добавлен новый телефон: [(3, '1112233445', 2)]
2025-02-17 12:07:43,251 - WARNING - Не найден пользователь по данным ['Ivan_1']
2025-02-17 12:07:43,251 - INFO - Все пользователи: [(1, 'Ivan', 'Ivanov', 'ivan@example.com'), (2, 'Petr', 'Petrov', 'petr@example.com'), (3, 'Anna', 'Sidorova', 'anna@example.com')]
2025-02-17 12:07:43,253 - INFO - Пользователь удален: [(3, 'Anna', 'Sidorova', 'anna@example.com')]
2025-02-17 12:07:43,253 - INFO - Все пользователи: [(1, 'Ivan', 'Ivanov', 'ivan@example.com'), (2, 'Petr', 'Petrov', 'petr@example.com')]
2025-02-17 12:07:43,273 - INFO - Соединение с базой данных закрыто.
2025-02-17 12:08:12,334 - INFO - Удалены таблицы phones и users (если они существовали).
2025-02-17 12:08:12,350 - INFO - База данных и таблицы созданы (если их не было).
2025-02-17 12:08:12,352 - INFO - Добавлен новый пользователь: [(1, 'Ivan', 'Ivanov', 'ivan@example.com')]
2025-02-17 12:08:12,353 - INFO - Добавлен новый пользователь: [(2, 'Petr', 'Petrov', 'petr@example.com')]
2025-02-17 12:08:12,355 - INFO - Добавлен новый пользователь: [(3, 'Anna', 'Sidorova', 'anna@example.com')]
2025-02-17 12:08:12,356 - INFO - Добавлен новый телефон: [(1, '1234567890', 1)]
2025-02-17 12:08:12,357 - INFO - Добавлен новый телефон: [(2, '9876543210', 1)]
2025-02-17 12:08:12,358 - INFO - Добавлен новый телефон: [(3, '1112233445', 2)]
2025-02-17 12:08:12,359 - INFO - Пользователь найден: [(1, 'Ivan', 'Ivanov', 'ivan@example.com')]
2025-02-17 12:08:12,359 - INFO - Все пользователи: [(1, 'Ivan', 'Ivanov', 'ivan@example.com'), (2, 'Petr', 'Petrov', 'petr@example.com'), (3, 'Anna', 'Sidorova', 'anna@example.com')]
2025-02-17 12:08:12,360 - INFO - Пользователь удален: [(3, 'Anna', 'Sidorova', 'anna@example.com')]
2025-02-17 12:08:12,361 - INFO - Все пользователи: [(1, 'Ivan', 'Ivanov', 'ivan@example.com'), (2, 'Petr', 'Petrov', 'petr@example.com')]
2025-02-17 12:08:12,366 - INFO - Соединение с базой данных закрыто.
2025-02-17 12:08:37,114 - INFO - Удалены таблицы phones и users (если они существовали).
2025-02-17 12:08:37,129 - INFO - База данных и таблицы созданы (если их не было).
2025-02-17 12:08:37,130 - INFO - Добавлен новый пользователь: [(1, 'Ivan', 'Ivanov', 'ivan@example.com')]
2025-02-17 12:08:37,131 - INFO - Добавлен новый пользователь: [(2, 'Petr', 'Petrov', 'petr@example.com')]
2025-02-17 12:08:37,132 - INFO - Добавлен новый пользователь: [(3, 'Anna', 'Sidorova', 'anna@example.com')]
2025-02-17 12:08:37,133 - INFO - Добавлен новый телефон: [(1, '1234567890', 1)]
2025-02-17 12:08:37,134 - INFO - Добавлен новый телефон: [(2, '9876543210', 1)]
2025-02-17 12:08:37,135 - INFO - Добавлен новый телефон: [(3, '1112233445', 2)]
2025-02-17 12:08:37,136 - INFO - Пользователь найден: [(1, 'Ivan', 'Ivanov', 'ivan@example.com')]
2025-02-17 12:08:37,137 - INFO - Пользователь найден: [(1, 'Ivan', 'Ivanov', 'ivan@example.com')]
2025-02-17 12:08:37,137 - INFO - Все пользователи: [(1, 'Ivan', 'Ivanov', 'ivan@example.com'), (2, 'Petr', 'Petrov', 'petr@example.com'), (3, 'Anna', 'Sidorova', 'anna@example.com')]
2025-02-17 12:08:37,139 - INFO - Пользователь удален: [(3, 'Anna', 'Sidorova', 'anna@example.com')]
2025-02-17 12:08:37,139 - INFO - Все пользователи: [(1, 'Ivan', 'Ivanov', 'ivan@example.com'), (2, 'Petr', 'Petrov', 'petr@example.com')]
2025-02-17 12:08:37,165 - INFO - Соединение с базой данных закрыто.
2025-02-17 12:09:12,564 - INFO - Удалены таблицы phones и users (если они существовали).
2025-02-17 12:09:12,583 - INFO - База данных и таблицы созданы (если их не было).
2025-02-17 12:09:12,585 - INFO - Добавлен новый пользователь: [(1, 'Ivan', 'Ivanov', 'ivan@example.com')]
2025-02-17 12:09:12,585 - INFO - Добавлен новый пользователь: [(2, 'Petr', 'Petrov', 'petr@example.com')]
2025-02-17 12:09:12,586 - INFO - Добавлен новый пользователь: [(3, 'Anna', 'Sidorova', 'anna@example.com')]
2025-02-17 12:09:12,589 - INFO - Добавлен новый телефон: [(1, '1234567890', 1)]
2025-02-17 12:09:12,589 - INFO - Добавлен новый телефон: [(2, '9876543210', 1)]
2025-02-17 12:09:12,590 - INFO - Добавлен новый телефон: [(3, '1112233445', 2)]
2025-02-17 12:09:12,592 - INFO - Пользователь найден: [(1, 'Ivan', 'Ivanov', 'ivan@example.com')]
2025-02-17 12:09:12,593 - INFO - Пользователь найден: [(1, 'Ivan', 'Ivanov', 'ivan@example.com')]
2025-02-17 12:09:12,594 - INFO - Пользователь найден: [(1, 'Ivan', 'Ivanov', 'ivan@example.com')]
2025-02-17 12:09:12,594 - INFO - Все пользователи: [(1, 'Ivan', 'Ivanov', 'ivan@example.com'), (2, 'Petr', 'Petrov', 'petr@example.com'), (3, 'Anna', 'Sidorova', 'anna@example.com')]
2025-02-17 12:09:12,596 - INFO - Пользователь удален: [(3, 'Anna', 'Sidorova', 'anna@example.com')]
2025-02-17 12:09:12,596 - INFO - Все пользователи: [(1, 'Ivan', 'Ivanov', 'ivan@example.com'), (2, 'Petr', 'Petrov', 'petr@example.com')]
2025-02-17 12:09:12,616 - INFO - Соединение с базой данных закрыто.
2025-02-17 12:10:01,457 - INFO - Удалены таблицы phones и users (если они существовали).
2025-02-17 12:10:01,476 - INFO - База данных и таблицы созданы (если их не было).
2025-02-17 12:10:01,478 - INFO - Добавлен новый пользователь: [(1, 'Ivan', 'Ivanov', 'ivan@example.com')]
2025-02-17 12:10:01,479 - INFO - Добавлен новый пользователь: [(2, 'Petr', 'Petrov', 'petr@example.com')]
2025-02-17 12:10:01,480 - INFO - Добавлен новый пользователь: [(3, 'Anna', 'Sidorova', 'anna@example.com')]
2025-02-17 12:10:01,481 - INFO - Добавлен новый телефон: [(1, '1234567890', 1)]
2025-02-17 12:10:01,482 - INFO - Добавлен новый телефон: [(2, '9876543210', 1)]
2025-02-17 12:10:01,484 - INFO - Добавлен новый телефон: [(3, '1112233445', 2)]
2025-02-17 12:10:01,485 - INFO - Пользователь найден: [(1, 'Ivan', 'Ivanov', 'ivan@example.com')]
2025-02-17 12:10:01,485 - INFO - Пользователь найден: [(1, 'Ivan', 'Ivanov', 'ivan@example.com')]
2025-02-17 12:10:01,486 - INFO - Пользователь найден: [(1, 'Ivan', 'Ivanov', 'ivan@example.com')]
2025-02-17 12:10:49,785 - INFO - Удалены таблицы phones и users (если они существовали).
2025-02-17 12:10:49,799 - INFO - База данных и таблицы созданы (если их не было).
2025-02-17 12:10:49,802 - INFO - Добавлен новый пользователь: [(1, 'Ivan', 'Ivanov', 'ivan@example.com')]
2025-02-17 12:10:49,802 - INFO - Добавлен новый пользователь: [(2, 'Petr', 'Petrov', 'petr@example.com')]
2025-02-17 12:10:49,803 - INFO - Добавлен новый пользователь: [(3, 'Anna', 'Sidorova', 'anna@example.com')]
2025-02-17 12:10:49,805 - INFO - Добавлен новый телефон: [(1, '1234567890', 1)]
2025-02-17 12:10:49,807 - INFO - Добавлен новый телефон: [(2, '9876543210', 1)]
2025-02-17 12:10:49,807 - INFO - Добавлен новый телефон: [(3, '1112233445', 2)]
2025-02-17 12:10:49,809 - INFO - Пользователь найден: [(1, 'Ivan', 'Ivanov', 'ivan@example.com')]
2025-02-17 12:10:49,809 - INFO - Пользователь найден: [(1, 'Ivan', 'Ivanov', 'ivan@example.com')]
2025-02-17 12:10:49,811 - INFO - Пользователь найден: [(1, 'Ivan', 'Ivanov', 'ivan@example.com')]
2025-02-17 12:11:37,913 - INFO - Удалены таблицы phones и users (если они существовали).
2025-02-17 12:11:37,947 - INFO - База данных и таблицы созданы (если их не было).
2025-02-17 12:11:37,950 - INFO - Добавлен новый пользователь: [(1, 'Ivan', 'Ivanov', 'ivan@example.com')]
2025-02-17 12:11:37,952 - INFO - Добавлен новый пользователь: [(2, 'Petr', 'Petrov', 'petr@example.com')]
2025-02-17 12:11:37,953 - INFO - Добавлен новый пользователь: [(3, 'Anna', 'Sidorova', 'anna@example.com')]
2025-02-17 12:11:37,955 - INFO - Добавлен новый телефон: [(1, '1234567890', 1)]
2025-02-17 12:11:37,956 - INFO - Добавлен новый телефон: [(2, '9876543210', 1)]
2025-02-17 12:11:37,957 - INFO - Добавлен новый телефон: [(3, '1112233445', 2)]
2025-02-17 12:11:37,960 - INFO - Пользователь найден: [(1, 'Ivan', 'Ivanov', 'ivan@example.com')]
2025-02-17 12:11:37,961 - INFO - Пользователь найден: [(1, 'Ivan', 'Ivanov', 'ivan@example.com')]
2025-02-17 12:11:37,962 - INFO - Пользователь найден: [(1, 'Ivan', 'Ivanov', 'ivan@example.com')]
2025-02-17 12:11:37,963 - INFO - Пользователь найден: [(1, 'Ivan', 'Ivanov', 'ivan@example.com')]
2025-02-17 12:11:37,964 - INFO - Все пользователи: [(1, 'Ivan', 'Ivanov', 'ivan@example.com'), (2, 'Petr', 'Petrov', 'petr@example.com'), (3, 'Anna', 'Sidorova', 'anna@example.com')]
2025-02-17 12:11:37,966 - INFO - Пользователь удален: [(3, 'Anna', 'Sidorova', 'anna@example.com')]
2025-02-17 12:11:37,967 - INFO - Все пользователи: [(1, 'Ivan', 'Ivanov', 'ivan@example.com'), (2, 'Petr', 'Petrov', 'petr@example.com')]
2025-02-17 12:11:38,009 - INFO - Соединение с базой данных закрыто.
2025-02-17 12:12:40,379 - INFO - Удалены таблицы phones и users (если они существовали).
2025-02-17 12:12:40,394 - INFO - База данных и таблицы созданы (если их не было).
2025-02-17 12:12:40,396 - INFO - Добавлен новый пользователь: [(1, 'Ivan', 'Ivanov', 'ivan@example.com')]
2025-02-17 12:12:40,398 - INFO - Добавлен новый пользователь: [(2, 'Petr', 'Petrov', 'petr@example.com')]
2025-02-17 12:12:40,398 - INFO - Добавлен новый пользователь: [(3, 'Anna', 'Sidorova', 'anna@example.com')]
2025-02-17 12:12:40,401 - INFO - Добавлен новый телефон: [(1, '1234567890', 1)]
2025-02-17 12:12:40,403 - INFO - Добавлен новый телефон: [(2, '9876543210', 1)]
2025-02-17 12:12:40,403 - INFO - Добавлен новый телефон: [(3, '1112233445', 2)]
2025-02-17 12:12:40,405 - INFO - Пользователь найден: [(1, 'Ivan', 'Ivanov', 'ivan@example.com')]
2025-02-17 12:12:40,405 - INFO - Пользователь найден: [(1, 'Ivan', 'Ivanov', 'ivan@example.com')]
2025-02-17 12:12:40,406 - INFO - Пользователь найден: [(1, 'Ivan', 'Ivanov', 'ivan@example.com')]
2025-02-17 12:12:40,407 - INFO - Пользователь найден: [(1, 'Ivan', 'Ivanov', 'ivan@example.com')]
2025-02-17 12:14:19,479 - INFO - Удалены таблицы phones и users (если они существовали).
2025-02-17 12:14:19,499 - INFO - База данных и таблицы созданы (если их не было).
2025-02-17 12:14:19,501 - INFO - Добавлен новый пользователь: [(1, 'Ivan', 'Ivanov', 'ivan@example.com')]
2025-02-17 12:14:19,502 - INFO - Добавлен новый пользователь: [(2, 'Petr', 'Petrov', 'petr@example.com')]
2025-02-17 12:14:19,503 - INFO - Добавлен новый пользователь: [(3, 'Anna', 'Sidorova', 'anna@example.com')]
2025-02-17 12:14:19,505 - INFO - Добавлен новый телефон: [(1, '1234567890', 1)]
2025-02-17 12:14:19,505 - INFO - Добавлен новый телефон: [(2, '9876543210', 1)]
2025-02-17 12:14:19,506 - INFO - Добавлен новый телефон: [(3, '1112233445', 2)]
2025-02-17 12:14:19,507 - INFO - Пользователь найден: [(1, 'Ivan', 'Ivanov', 'ivan@example.com')]
2025-02-17 12:14:19,509 - INFO - Пользователь найден: [(1, 'Ivan', 'Ivanov', 'ivan@example.com')]
2025-02-17 12:14:19,509 - INFO - Пользователь найден: [(1, 'Ivan', 'Ivanov', 'ivan@example.com')]
2025-02-17 12:14:19,510 - INFO - Пользователь найден: [(1, 'Ivan', 'Ivanov', 'ivan@example.com')]
2025-02-17 12:15:03,234 - INFO - Удалены таблицы phones и users (если они существовали).
2025-02-17 12:15:03,250 - INFO - База данных и таблицы созданы (если их не было).
2025-02-17 12:15:03,252 - INFO - Добавлен новый пользователь: [(1, 'Ivan', 'Ivanov', 'ivan@example.com')]
2025-02-17 12:15:03,253 - INFO - Добавлен новый пользователь: [(2, 'Petr', 'Petrov', 'petr@example.com')]
2025-02-17 12:15:03,254 - INFO - Добавлен новый пользователь: [(3, 'Anna', 'Sidorova', 'anna@example.com')]
2025-02-17 12:15:03,255 - INFO - Добавлен новый телефон: [(1, '1234567890', 1)]
2025-02-17 12:15:03,256 - INFO - Добавлен новый телефон: [(2, '9876543210', 1)]
2025-02-17 12:15:03,257 - INFO - Добавлен новый телефон: [(3, '1112233445', 2)]
2025-02-17 12:15:03,257 - INFO - Пользователь найден: [(1, 'Ivan', 'Ivanov', 'ivan@example.com')]
2025-02-17 12:15:03,258 - INFO - Пользователь найден: [(1, 'Ivan', 'Ivanov', 'ivan@example.com')]
2025-02-17 12:15:03,260 - INFO - Пользователь найден: [(1, 'Ivan', 'Ivanov', 'ivan@example.com')]
2025-02-17 12:15:03,261 - INFO - Пользователь найден: [(1, 'Ivan', 'Ivanov', 'ivan@example.com')]
2025-02-17 12:18:18,023 - INFO - Удалены таблицы phones и users (если они существовали).
2025-02-17 12:18:18,041 - INFO - База данных и таблицы созданы (если их не было).
2025-02-17 12:18:18,043 - INFO - Добавлен новый пользователь: [(1, 'Ivan', 'Ivanov', 'ivan@example.com')]
2025-02-17 12:18:18,044 - INFO - Добавлен новый пользователь: [(2, 'Petr', 'Petrov', 'petr@example.com')]
2025-02-17 12:18:18,045 - INFO - Добавлен новый пользователь: [(3, 'Anna', 'Sidorova', 'anna@example.com')]
2025-02-17 12:18:18,046 - INFO - Добавлен новый телефон: [(1, '1234567890', 1)]
2025-02-17 12:18:18,047 - INFO - Добавлен новый телефон: [(2, '9876543210', 1)]
2025-02-17 12:18:18,048 - INFO - Добавлен новый телефон: [(3, '1112233445', 2)]
2025-02-17 12:18:18,049 - INFO - Пользователь найден: [(1, 'Ivan', 'Ivanov', 'ivan@example.com')]
2025-02-17 12:18:18,050 - INFO - Пользователь найден: [(1, 'Ivan', 'Ivanov', 'ivan@example.com')]
2025-02-17 12:18:18,051 - INFO - Пользователь найден: [(1, 'Ivan', 'Ivanov', 'ivan@example.com')]
2025-02-17 12:18:18,051 - INFO - Пользователь найден: [(1, 'Ivan', 'Ivanov', 'ivan@example.com')]
2025-02-17 12:18:18,053 - INFO - Все пользователи: [(1, 'Ivan', 'Ivanov', 'ivan@example.com'), (2, 'Petr', 'Petrov', 'petr@example.com'), (3, 'Anna', 'Sidorova', 'anna@example.com')]
2025-02-17 12:18:18,053 - INFO - Пользователь удален: [(3, 'Anna', 'Sidorova', 'anna@example.com')]
2025-02-17 12:18:18,054 - INFO - Все пользователи: [(1, 'Ivan', 'Ivanov', 'ivan@example.com'), (2, 'Petr', 'Petrov', 'petr@example.com')]
2025-02-17 12:19:18,374 - INFO - Удалены таблицы phones и users (если они существовали).
2025-02-17 12:19:18,389 - INFO - База данных и таблицы созданы (если их не было).
2025-02-17 12:19:18,391 - INFO - Добавлен новый пользователь: [(1, 'Ivan', 'Ivanov', 'ivan@example.com')]
2025-02-17 12:19:18,391 - INFO - Добавлен новый пользователь: [(2, 'Petr', 'Petrov', 'petr@example.com')]
2025-02-17 12:19:18,392 - INFO - Добавлен новый пользователь: [(3, 'Anna', 'Sidorova', 'anna@example.com')]
2025-02-17 12:19:18,394 - INFO - Добавлен новый телефон: [(1, '1234567890', 1)]
2025-02-17 12:19:18,395 - INFO - Добавлен новый телефон: [(2, '9876543210', 1)]
2025-02-17 12:19:18,396 - INFO - Добавлен новый телефон: [(3, '1112233445', 2)]
2025-02-17 12:19:18,396 - INFO - Пользователь найден: [(1, 'Ivan', 'Ivanov', 'ivan@example.com')]
2025-02-17 12:19:18,397 - INFO - Пользователь найден: [(1, 'Ivan', 'Ivanov', 'ivan@example.com')]
2025-02-17 12:19:18,397 - INFO - Пользователь найден: [(1, 'Ivan', 'Ivanov', 'ivan@example.com')]
2025-02-17 12:19:18,398 - INFO - Пользователь найден: [(1, 'Ivan', 'Ivanov', 'ivan@example.com')]
2025-02-17 12:19:18,400 - INFO - Все пользователи: [(1, 'Ivan', 'Ivanov', 'ivan@example.com'), (2, 'Petr', 'Petrov', 'petr@example.com'), (3, 'Anna', 'Sidorova', 'anna@example.com')]
2025-02-17 12:19:18,401 - INFO - Пользователь удален: [(3, 'Anna', 'Sidorova', 'anna@example.com')]
2025-02-17 12:19:18,401 - INFO - Все пользователи: [(1, 'Ivan', 'Ivanov', 'ivan@example.com'), (2, 'Petr', 'Petrov', 'petr@example.com')]
2025-02-17 12:19:56,679 - INFO - Удалены таблицы phones и users (если они существовали).
2025-02-17 12:19:56,712 - INFO - База данных и таблицы созданы (если их не было).
2025-02-17 12:19:56,716 - INFO - Добавлен новый пользователь: [(1, 'Ivan', 'Ivanov', 'ivan@example.com')]
2025-02-17 12:19:56,718 - INFO - Добавлен новый пользователь: [(2, 'Petr', 'Petrov', 'petr@example.com')]
2025-02-17 12:19:56,719 - INFO - Добавлен новый пользователь: [(3, 'Anna', 'Sidorova', 'anna@example.com')]
2025-02-17 12:19:56,723 - INFO - Добавлен новый телефон: [(1, '1234567890', 1)]
2025-02-17 12:19:56,724 - INFO - Добавлен новый телефон: [(2, '9876543210', 1)]
2025-02-17 12:19:56,725 - INFO - Добавлен новый телефон: [(3, '1112233445', 2)]
2025-02-17 12:19:56,727 - INFO - Пользователь найден: [(1, 'Ivan', 'Ivanov', 'ivan@example.com')]
2025-02-17 12:19:56,728 - INFO - Пользователь найден: [(1, 'Ivan', 'Ivanov', 'ivan@example.com')]
2025-02-17 12:19:56,732 - INFO - Пользователь найден: [(1, 'Ivan', 'Ivanov', 'ivan@example.com')]
2025-02-17 12:19:56,734 - INFO - Пользователь найден: [(1, 'Ivan', 'Ivanov', 'ivan@example.com')]
2025-02-17 12:19:56,734 - INFO - Все пользователи: [(1, 'Ivan', 'Ivanov', 'ivan@example.com'), (2, 'Petr', 'Petrov', 'petr@example.com'), (3, 'Anna', 'Sidorova', 'anna@example.com')]
2025-02-17 12:19:56,736 - INFO - Пользователь удален: [(3, 'Anna', 'Sidorova', 'anna@example.com')]
2025-02-17 12:19:56,737 - INFO - Все пользователи: [(1, 'Ivan', 'Ivanov', 'ivan@example.com'), (2, 'Petr', 'Petrov', 'petr@example.com')]
2025-02-17 12:19:56,752 - INFO - Соединение с базой данных закрыто.
2025-02-17 12:20:33,683 - INFO - Удалены таблицы phones и users (если они существовали).
2025-02-17 12:20:33,699 - INFO - База данных и таблицы созданы (если их не было).
2025-02-17 12:20:33,700 - INFO - Добавлен новый пользователь: [(1, 'Ivan', 'Ivanov', 'ivan@example.com')]
2025-02-17 12:20:33,701 - INFO - Добавлен новый пользователь: [(2, 'Petr', 'Petrov', 'petr@example.com')]
2025-02-17 12:20:33,702 - INFO - Добавлен новый пользователь: [(3, 'Anna', 'Sidorova', 'anna@example.com')]
2025-02-17 12:20:33,704 - INFO - Добавлен новый телефон: [(1, '1234567890', 1)]
2025-02-17 12:20:33,705 - INFO - Добавлен новый телефон: [(2, '9876543210', 1)]
2025-02-17 12:20:33,705 - INFO - Добавлен новый телефон: [(3, '1112233445', 2)]
2025-02-17 12:20:33,707 - INFO - Пользователь найден: [(1, 'Ivan', 'Ivanov', 'ivan@example.com')]
2025-02-17 12:20:33,707 - INFO - Пользователь найден: [(1, 'Ivan', 'Ivanov', 'ivan@example.com')]
2025-02-17 12:20:33,708 - INFO - Пользователь найден: [(1, 'Ivan', 'Ivanov', 'ivan@example.com')]
2025-02-17 12:20:33,709 - INFO - Пользователь найден: [(1, 'Ivan', 'Ivanov', 'ivan@example.com')]
2025-02-17 12:20:33,709 - INFO - Все пользователи: [(1, 'Ivan', 'Ivanov', 'ivan@example.com'), (2, 'Petr', 'Petrov', 'petr@example.com'), (3, 'Anna', 'Sidorova', 'anna@example.com')]
2025-02-17 12:20:33,711 - INFO - Пользователь удален: [(3, 'Anna', 'Sidorova', 'anna@example.com')]
2025-02-17 12:20:33,711 - INFO - Все пользователи: [(1, 'Ivan', 'Ivanov', 'ivan@example.com'), (2, 'Petr', 'Petrov', 'petr@example.com')]
2025-02-17 12:21:21,123 - INFO - Удалены таблицы phones и users (если они существовали).
2025-02-17 12:21:21,174 - INFO - База данных и таблицы созданы (если их не было).
2025-02-17 12:21:21,178 - INFO - Добавлен новый пользователь: [(1, 'Ivan', 'Ivanov', 'ivan@example.com')]
2025-02-17 12:21:21,178 - INFO - Добавлен новый пользователь: [(2, 'Petr', 'Petrov', 'petr@example.com')]
2025-02-17 12:21:21,179 - INFO - Добавлен новый пользователь: [(3, 'Anna', 'Sidorova', 'anna@example.com')]
2025-02-17 12:21:21,180 - INFO - Добавлен новый телефон: [(1, '1234567890', 1)]
2025-02-17 12:21:21,181 - INFO - Добавлен новый телефон: [(2, '9876543210', 1)]
2025-02-17 12:21:21,182 - INFO - Добавлен новый телефон: [(3, '1112233445', 2)]
2025-02-17 12:21:21,184 - INFO - Пользователь найден: [(1, 'Ivan', 'Ivanov', 'ivan@example.com')]
2025-02-17 12:21:21,184 - INFO - Пользователь найден: [(1, 'Ivan', 'Ivanov', 'ivan@example.com')]
2025-02-17 12:21:21,185 - INFO - Пользователь найден: [(1, 'Ivan', 'Ivanov', 'ivan@example.com')]
2025-02-17 12:21:21,185 - INFO - Пользователь найден: [(1, 'Ivan', 'Ivanov', 'ivan@example.com')]
2025-02-17 12:21:21,186 - INFO - Все пользователи: [(1, 'Ivan', 'Ivanov', 'ivan@example.com'), (2, 'Petr', 'Petrov', 'petr@example.com'), (3, 'Anna', 'Sidorova', 'anna@example.com')]
2025-02-17 12:21:21,187 - INFO - Пользователь удален: [(3, 'Anna', 'Sidorova', 'anna@example.com')]
2025-02-17 12:21:21,187 - INFO - Все пользователи: [(1, 'Ivan', 'Ivanov', 'ivan@example.com'), (2, 'Petr', 'Petrov', 'petr@example.com')]
2025-02-17 12:21:21,244 - INFO - Соединение с базой данных закрыто.
2025-02-17 12:21:58,411 - INFO - Удалены таблицы phones и users (если они существовали).
2025-02-17 12:21:58,430 - INFO - База данных и таблицы созданы (если их не было).
2025-02-17 12:21:58,432 - INFO - Добавлен новый пользователь: [(1, 'Ivan', 'Ivanov', 'ivan@example.com')]
2025-02-17 12:21:58,433 - INFO - Добавлен новый пользователь: [(2, 'Petr', 'Petrov', 'petr@example.com')]
2025-02-17 12:21:58,434 - INFO - Добавлен новый пользователь: [(3, 'Anna', 'Sidorova', 'anna@example.com')]
2025-02-17 12:21:58,435 - INFO - Добавлен новый телефон: [(1, '1234567890', 1)]
2025-02-17 12:21:58,436 - INFO - Добавлен новый телефон: [(2, '9876543210', 1)]
2025-02-17 12:21:58,437 - INFO - Добавлен новый телефон: [(3, '1112233445', 2)]
2025-02-17 12:21:58,438 - INFO - Пользователь найден: [(1, 'Ivan', 'Ivanov', 'ivan@example.com')]
2025-02-17 12:21:58,440 - INFO - Пользователь найден: [(1, 'Ivan', 'Ivanov', 'ivan@example.com')]
2025-02-17 12:21:58,440 - INFO - Пользователь найден: [(1, 'Ivan', 'Ivanov', 'ivan@example.com')]
2025-02-17 12:21:58,441 - INFO - Пользователь найден: [(1, 'Ivan', 'Ivanov', 'ivan@example.com')]
2025-02-17 12:22:09,907 - INFO - Удалены таблицы phones и users (если они существовали).
2025-02-17 12:22:09,921 - INFO - База данных и таблицы созданы (если их не было).
2025-02-17 12:22:09,923 - INFO - Добавлен новый пользователь: [(1, 'Ivan', 'Ivanov', 'ivan@example.com')]
2025-02-17 12:22:09,924 - INFO - Добавлен новый пользователь: [(2, 'Petr', 'Petrov', 'petr@example.com')]
2025-02-17 12:22:09,924 - INFO - Добавлен новый пользователь: [(3, 'Anna', 'Sidorova', 'anna@example.com')]
2025-02-17 12:22:09,927 - INFO - Добавлен новый телефон: [(1, '1234567890', 1)]
2025-02-17 12:22:09,927 - INFO - Добавлен новый телефон: [(2, '9876543210', 1)]
2025-02-17 12:22:09,928 - INFO - Добавлен новый телефон: [(3, '1112233445', 2)]
2025-02-17 12:22:09,930 - INFO - Пользователь найден: [(1, 'Ivan', 'Ivanov', 'ivan@example.com')]
2025-02-17 12:22:09,930 - INFO - Пользователь найден: [(1, 'Ivan', 'Ivanov', 'ivan@example.com')]
2025-02-17 12:22:09,931 - INFO - Пользователь найден: [(1, 'Ivan', 'Ivanov', 'ivan@example.com')]
2025-02-17 12:22:09,932 - INFO - Пользователь найден: [(1, 'Ivan', 'Ivanov', 'ivan@example.com')]
2025-02-17 12:22:09,933 - INFO - Пользователь найден: [(1, 'Ivan', 'Ivanov', 'ivan@example.com')]
2025-02-17 12:22:09,934 - INFO - Все пользователи: [(1, 'Ivan', 'Ivanov', 'ivan@example.com'), (2, 'Petr', 'Petrov', 'petr@example.com'), (3, 'Anna', 'Sidorova', 'anna@example.com')]
2025-02-17 12:22:09,935 - INFO - Пользователь удален: [(3, 'Anna', 'Sidorova', 'anna@example.com')]
2025-02-17 12:22:09,935 - INFO - Все пользователи: [(1, 'Ivan', 'Ivanov', 'ivan@example.com'), (2, 'Petr', 'Petrov', 'petr@example.com')]
2025-02-17 12:22:09,955 - INFO - Соединение с базой данных закрыто.
